<?xml version="1.0" encoding="UTF-8"?>
<!-- Generated by org.testng.reporters.JUnitReportReporter -->
<testsuite hostname="LAPTOP-4B0T78A9" failures="0" tests="1" name="testing.testcases.TC_01" time="35.454" errors="0" timestamp="6 Aug 2023 10:17:07 GMT">
  <testcase classname="testing.testcases.TC_01" name="m1" time="35.454"/>
</testsuite> <!-- testing.testcases.TC_01 -->
