<?xml version="1.0" encoding="UTF-8"?>
<!-- Generated by org.testng.reporters.JUnitReportReporter -->
<testsuite hostname="LAPTOP-4B0T78A9" failures="0" tests="1" name="testing.testcases.TC_02" time="31.115" errors="0" timestamp="6 Aug 2023 10:17:07 GMT">
  <testcase classname="testing.testcases.TC_02" name="m2" time="31.115"/>
</testsuite> <!-- testing.testcases.TC_02 -->
